<?xml version="1.0" encoding="UTF-8"?>
<!-- Generated by org.testng.reporters.JUnitReportReporter -->
<testsuite skipped="0" hostname="DESKTOP-OIDNA9F" name="com.WSM.workshops.TC4_AddpaxWorkshop" tests="1" failures="0" timestamp="2021-09-20T18:17:24 IST" time="44.815" errors="0">
  <testcase name="AddPax" time="44.815" classname="com.WSM.workshops.TC4_AddpaxWorkshop"/>
  <system-out/>
</testsuite> <!-- com.WSM.workshops.TC4_AddpaxWorkshop -->
